[INFO][2014-05-23 23:56:00,072][org.jeecgframework.codegenerate.generate.onetomany.CodeGenerateOneToMany]----jeecg----Code-----Generation-----[一对多数据模型：jeecg_order_main]------- 生成中。。。
[INFO][2014-05-23 23:56:00,102][org.jeecgframework.codegenerate.generate.CodeGenerate]----jeecg---Code----Generation----[单表模型:jeecg_order_custom]------- 生成中。。。
[INFO][2014-05-23 23:56:01,046][org.jeecgframework.codegenerate.generate.CodeGenerate]----jeecg----Code----Generation-----[单表模型：jeecg_order_custom]------ 生成完成。。。
[INFO][2014-05-23 23:56:01,047][org.jeecgframework.codegenerate.generate.CodeGenerate]----jeecg---Code----Generation----[单表模型:jeecg_order_product]------- 生成中。。。
[INFO][2014-05-23 23:56:01,257][org.jeecgframework.codegenerate.generate.CodeGenerate]----jeecg----Code----Generation-----[单表模型：jeecg_order_product]------ 生成完成。。。
[INFO][2014-05-23 23:56:02,488][org.jeecgframework.codegenerate.generate.onetomany.CodeGenerateOneToMany]----jeecg----Code----Generation------[一对多数据模型：jeecg_order_main]------ 生成完成。。。
[INFO][2014-05-23 23:57:04,859][org.jeecgframework.codegenerate.generate.onetomany.CodeGenerateOneToMany]----jeecg----Code-----Generation-----[一对多数据模型：jeecg_order_main]------- 生成中。。。
[INFO][2014-05-23 23:57:04,885][org.jeecgframework.codegenerate.generate.CodeGenerate]----jeecg---Code----Generation----[单表模型:jeecg_order_custom]------- 生成中。。。
[INFO][2014-05-23 23:57:05,678][org.jeecgframework.codegenerate.generate.CodeGenerate]----jeecg----Code----Generation-----[单表模型：jeecg_order_custom]------ 生成完成。。。
[INFO][2014-05-23 23:57:05,678][org.jeecgframework.codegenerate.generate.CodeGenerate]----jeecg---Code----Generation----[单表模型:jeecg_order_product]------- 生成中。。。
[INFO][2014-05-23 23:57:05,899][org.jeecgframework.codegenerate.generate.CodeGenerate]----jeecg----Code----Generation-----[单表模型：jeecg_order_product]------ 生成完成。。。
[INFO][2014-05-23 23:57:07,134][org.jeecgframework.codegenerate.generate.onetomany.CodeGenerateOneToMany]----jeecg----Code----Generation------[一对多数据模型：jeecg_order_main]------ 生成完成。。。
[INFO][2014-05-28 20:13:50,340][org.jeecgframework.codegenerate.generate.CodeGenerate]----jeecg---Code----Generation----[单表模型:person]------- 生成中。。。
[INFO][2014-05-28 20:16:40,111][org.jeecgframework.codegenerate.generate.CodeGenerate]----jeecg---Code----Generation----[单表模型:person]------- 生成中。。。
[INFO][2014-05-28 20:19:03,317][org.jeecgframework.codegenerate.generate.CodeGenerate]----jeecg---Code----Generation----[单表模型:person]------- 生成中。。。
[INFO][2014-05-28 20:29:10,873][org.jeecgframework.codegenerate.generate.CodeGenerate]----jeecg---Code----Generation----[单表模型:person]------- 生成中。。。
[INFO][2014-05-28 20:34:08,830][org.jeecgframework.codegenerate.generate.CodeGenerate]----jeecg---Code----Generation----[单表模型:person]------- 生成中。。。
[INFO][2014-05-28 20:36:37,766][org.jeecgframework.codegenerate.generate.CodeGenerate]----jeecg---Code----Generation----[单表模型:person]------- 生成中。。。
[INFO][2014-05-28 21:07:00,515][org.jeecgframework.codegenerate.generate.CodeGenerate]----jeecg---Code----Generation----[单表模型:person]------- 生成中。。。
[INFO][2014-06-06 13:44:18,633][org.jeecgframework.codegenerate.generate.CodeGenerate]----jeecg---Code----Generation----[单表模型:smb_enterprise_info]------- 生成中。。。
[INFO][2014-06-06 13:53:41,061][org.jeecgframework.codegenerate.generate.CodeGenerate]----jeecg----Code----Generation-----[单表模型：smb_enterprise_info]------ 生成完成。。。
